# JRE version: Java(TM) SE Runtime Environment (8.0_72-b15) (build 1.8.0_72-b15)
# Java VM: Java HotSpot(TM) 64-Bit Server VM (25.72-b15 mixed mode windows-amd64 compressed oops)
Heap:
 PSYoungGen      total 322048K, used 105807K [0x0000000780380000, 0x0000000795680000, 0x00000007c0000000)
  eden space 306688K, 29% used [0x0000000780380000,0x0000000785bd5ad8,0x0000000792f00000)
  from space 15360K, 99% used [0x0000000794780000,0x000000079567e350,0x0000000795680000)
  to   space 19968K, 0% used [0x0000000792f80000,0x0000000792f80000,0x0000000794300000)
 ParOldGen       total 140288K, used 27916K [0x0000000700a00000, 0x0000000709300000, 0x0000000780380000)
  object space 140288K, 19% used [0x0000000700a00000,0x00000007025433a0,0x0000000709300000)
 Metaspace       used 57365K, capacity 58384K, committed 58624K, reserved 1101824K
  class space    used 6864K, capacity 7105K, committed 7168K, reserved 1048576K
GC Heap History (10 events):
Event: 9.947 GC heap before
{Heap before GC invocations=10 (full 2):
 PSYoungGen      total 203264K, used 11878K [0x0000000780380000, 0x000000078de80000, 0x00000007c0000000)
  eden space 188928K, 0% used [0x0000000780380000,0x0000000780380000,0x000000078bc00000)
  from space 14336K, 82% used [0x000000078cb00000,0x000000078d6999b0,0x000000078d900000)
  to   space 15360K, 0% used [0x000000078bc00000,0x000000078bc00000,0x000000078cb00000)
 ParOldGen       total 89600K, used 10632K [0x0000000700a00000, 0x0000000706180000, 0x0000000780380000)
  object space 89600K, 11% used [0x0000000700a00000,0x0000000701462088,0x0000000706180000)
 Metaspace       used 34855K, capacity 35224K, committed 35496K, reserved 1081344K
  class space    used 4208K, capacity 4326K, committed 4352K, reserved 1048576K
Event: 10.036 GC heap after
Heap after GC invocations=10 (full 2):
 PSYoungGen      total 203264K, used 0K [0x0000000780380000, 0x000000078de80000, 0x00000007c0000000)
  eden space 188928K, 0% used [0x0000000780380000,0x0000000780380000,0x000000078bc00000)
  from space 14336K, 0% used [0x000000078cb00000,0x000000078cb00000,0x000000078d900000)
  to   space 15360K, 0% used [0x000000078bc00000,0x000000078bc00000,0x000000078cb00000)
 ParOldGen       total 140288K, used 20176K [0x0000000700a00000, 0x0000000709300000, 0x0000000780380000)
  object space 140288K, 14% used [0x0000000700a00000,0x0000000701db4330,0x0000000709300000)
 Metaspace       used 34855K, capacity 35224K, committed 35496K, reserved 1081344K
  class space    used 4208K, capacity 4326K, committed 4352K, reserved 1048576K
}
Event: 12.092 GC heap before
{Heap before GC invocations=11 (full 2):
 PSYoungGen      total 203264K, used 188928K [0x0000000780380000, 0x000000078de80000, 0x00000007c0000000)
  eden space 188928K, 100% used [0x0000000780380000,0x000000078bc00000,0x000000078bc00000)
  from space 14336K, 0% used [0x000000078cb00000,0x000000078cb00000,0x000000078d900000)
  to   space 15360K, 0% used [0x000000078bc00000,0x000000078bc00000,0x000000078cb00000)
 ParOldGen       total 140288K, used 20176K [0x0000000700a00000, 0x0000000709300000, 0x0000000780380000)
  object space 140288K, 14% used [0x0000000700a00000,0x0000000701db4330,0x0000000709300000)
 Metaspace       used 42245K, capacity 42648K, committed 43136K, reserved 1087488K
  class space    used 5057K, capacity 5155K, committed 5248K, reserved 1048576K
Event: 12.124 GC heap after
Heap after GC invocations=11 (full 2):
 PSYoungGen      total 204288K, used 9638K [0x0000000780380000, 0x0000000790a00000, 0x00000007c0000000)
  eden space 188928K, 0% used [0x0000000780380000,0x0000000780380000,0x000000078bc00000)
  from space 15360K, 62% used [0x000000078bc00000,0x000000078c5698b0,0x000000078cb00000)
  to   space 14848K, 0% used [0x000000078fb80000,0x000000078fb80000,0x0000000790a00000)
 ParOldGen       total 140288K, used 20184K [0x0000000700a00000, 0x0000000709300000, 0x0000000780380000)
  object space 140288K, 14% used [0x0000000700a00000,0x0000000701db6330,0x0000000709300000)
 Metaspace       used 42245K, capacity 42648K, committed 43136K, reserved 1087488K
  class space    used 5057K, capacity 5155K, committed 5248K, reserved 1048576K
}
Event: 13.383 GC heap before
{Heap before GC invocations=12 (full 2):
 PSYoungGen      total 204288K, used 198566K [0x0000000780380000, 0x0000000790a00000, 0x00000007c0000000)
  eden space 188928K, 100% used [0x0000000780380000,0x000000078bc00000,0x000000078bc00000)
  from space 15360K, 62% used [0x000000078bc00000,0x000000078c5698b0,0x000000078cb00000)
  to   space 14848K, 0% used [0x000000078fb80000,0x000000078fb80000,0x0000000790a00000)
 ParOldGen       total 140288K, used 20184K [0x0000000700a00000, 0x0000000709300000, 0x0000000780380000)
  object space 140288K, 14% used [0x0000000700a00000,0x0000000701db6330,0x0000000709300000)
 Metaspace       used 44008K, capacity 44502K, committed 44800K, reserved 1089536K
  class space    used 5265K, capacity 5368K, committed 5376K, reserved 1048576K
Event: 13.426 GC heap after
Heap after GC invocations=12 (full 2):
 PSYoungGen      total 253952K, used 10976K [0x0000000780380000, 0x0000000790f80000, 0x00000007c0000000)
  eden space 239104K, 0% used [0x0000000780380000,0x0000000780380000,0x000000078ed00000)
  from space 14848K, 73% used [0x000000078fb80000,0x00000007906382b0,0x0000000790a00000)
  to   space 14848K, 0% used [0x000000078ed00000,0x000000078ed00000,0x000000078fb80000)
 ParOldGen       total 140288K, used 20192K [0x0000000700a00000, 0x0000000709300000, 0x0000000780380000)
  object space 140288K, 14% used [0x0000000700a00000,0x0000000701db8330,0x0000000709300000)
 Metaspace       used 44008K, capacity 44502K, committed 44800K, reserved 1089536K
  class space    used 5265K, capacity 5368K, committed 5376K, reserved 1048576K
}
Event: 14.412 GC heap before
{Heap before GC invocations=13 (full 2):
 PSYoungGen      total 253952K, used 250080K [0x0000000780380000, 0x0000000790f80000, 0x00000007c0000000)
  eden space 239104K, 100% used [0x0000000780380000,0x000000078ed00000,0x000000078ed00000)
  from space 14848K, 73% used [0x000000078fb80000,0x00000007906382b0,0x0000000790a00000)
  to   space 14848K, 0% used [0x000000078ed00000,0x000000078ed00000,0x000000078fb80000)
 ParOldGen       total 140288K, used 20192K [0x0000000700a00000, 0x0000000709300000, 0x0000000780380000)
  object space 140288K, 14% used [0x0000000700a00000,0x0000000701db8330,0x0000000709300000)
 Metaspace       used 44458K, capacity 45044K, committed 45440K, reserved 1089536K
  class space    used 5294K, capacity 5421K, committed 5504K, reserved 1048576K
Event: 14.452 GC heap after
Heap after GC invocations=13 (full 2):
 PSYoungGen      total 253952K, used 11697K [0x0000000780380000, 0x0000000795680000, 0x00000007c0000000)
  eden space 239104K, 0% used [0x0000000780380000,0x0000000780380000,0x000000078ed00000)
  from space 14848K, 78% used [0x000000078ed00000,0x000000078f86c4e0,0x000000078fb80000)
  to   space 15360K, 0% used [0x0000000794780000,0x0000000794780000,0x0000000795680000)
 ParOldGen       total 140288K, used 20200K [0x0000000700a00000, 0x0000000709300000, 0x0000000780380000)
  object space 140288K, 14% used [0x0000000700a00000,0x0000000701dba330,0x0000000709300000)
 Metaspace       used 44458K, capacity 45044K, committed 45440K, reserved 1089536K
  class space    used 5294K, capacity 5421K, committed 5504K, reserved 1048576K
}
Event: 115.192 GC heap before
{Heap before GC invocations=14 (full 2):
 PSYoungGen      total 253952K, used 250801K [0x0000000780380000, 0x0000000795680000, 0x00000007c0000000)
  eden space 239104K, 100% used [0x0000000780380000,0x000000078ed00000,0x000000078ed00000)
  from space 14848K, 78% used [0x000000078ed00000,0x000000078f86c4e0,0x000000078fb80000)
  to   space 15360K, 0% used [0x0000000794780000,0x0000000794780000,0x0000000795680000)
 ParOldGen       total 140288K, used 20200K [0x0000000700a00000, 0x0000000709300000, 0x0000000780380000)
  object space 140288K, 14% used [0x0000000700a00000,0x0000000701dba330,0x0000000709300000)
 Metaspace       used 52165K, capacity 52816K, committed 52992K, reserved 1095680K
  class space    used 6240K, capacity 6371K, committed 6400K, reserved 1048576K
Event: 115.221 GC heap after
Heap after GC invocations=14 (full 2):
 PSYoungGen      total 322048K, used 15352K [0x0000000780380000, 0x0000000795680000, 0x00000007c0000000)
  eden space 306688K, 0% used [0x0000000780380000,0x0000000780380000,0x0000000792f00000)
  from space 15360K, 99% used [0x0000000794780000,0x000000079567e350,0x0000000795680000)
  to   space 19968K, 0% used [0x0000000792f80000,0x0000000792f80000,0x0000000794300000)
 ParOldGen       total 140288K, used 27916K [0x0000000700a00000, 0x0000000709300000, 0x0000000780380000)
  object space 140288K, 19% used [0x0000000700a00000,0x00000007025433a0,0x0000000709300000)
 Metaspace       used 52165K, capacity 52816K, committed 52992K, reserved 1095680K
  class space    used 6240K, capacity 6371K, committed 6400K, reserved 1048576K
}

